Compilación iniciada a las 28/09/2014 09:19:33 p.m..
     1>Proyecto "C:\Users\Usuario\Documents\Visual Studio 2013\Projects\Win32Project7\Win32Project7\Win32Project7.vcxproj" en el nodo 2 (Build destinos).
     1>ClCompile:
         C:\Program Files (x86)\Microsoft Visual Studio 12.0\VC\bin\CL.exe /c /Zi /nologo /W3 /WX- /sdl /O2 /Oi /Oy- /GL /D WIN32 /D NDEBUG /D _WINDOWS /D _USRDLL /D WIN32PROJECT7_EXPORTS /D _WINDLL /D _MBCS /Gm- /EHsc /MD /GS /Gy /fp:precise /Zc:wchar_t /Zc:forScope /Fo"Release\\" /Fd"Release\vc120.pdb" /Gd /TP /analyze- /errorReport:prompt dllmain.cpp
         dllmain.cpp
       Link:
         C:\Program Files (x86)\Microsoft Visual Studio 12.0\VC\bin\link.exe /ERRORREPORT:PROMPT /OUT:"C:\Users\Usuario\Documents\Visual Studio 2013\Projects\Win32Project7\Release\Win32Project7.dll" /INCREMENTAL:NO /NOLOGO kernel32.lib user32.lib gdi32.lib winspool.lib comdlg32.lib advapi32.lib shell32.lib ole32.lib oleaut32.lib uuid.lib odbc32.lib odbccp32.lib /MANIFEST /MANIFESTUAC:"level='asInvoker' uiAccess='false'" /manifest:embed /DEBUG /PDB:"C:\Users\Usuario\Documents\Visual Studio 2013\Projects\Win32Project7\Release\Win32Project7.pdb" /SUBSYSTEM:WINDOWS /OPT:REF /OPT:ICF /LTCG /TLBID:1 /DYNAMICBASE /NXCOMPAT /IMPLIB:"C:\Users\Usuario\Documents\Visual Studio 2013\Projects\Win32Project7\Release\Win32Project7.lib" /MACHINE:X86 /SAFESEH /DLL Release\dllmain.obj
         Generando código
         Generación de código finalizada
     1>detours.lib(detours.obj) : error LNK2026: módulo no seguro de una imagen SAFESEH.
     1>detours.lib(disasm.obj) : error LNK2026: módulo no seguro de una imagen SAFESEH.
     1>C:\Users\Usuario\Documents\Visual Studio 2013\Projects\Win32Project7\Release\Win32Project7.dll : fatal error LNK1281: No se puede generar la imagen SAFESEH.
     1>Compilación del proyecto terminada "C:\Users\Usuario\Documents\Visual Studio 2013\Projects\Win32Project7\Win32Project7\Win32Project7.vcxproj" (Build destinos) -- ERROR.

ERROR al compilar.

Tiempo transcurrido 00:00:01.57
